2025-07-12 17:06:09 - INFO - 开始系统资源综合监控
2025-07-12 17:06:10 - INFO - 系统资源 - CPU: 3.3%, 内存: 48.2%, 磁盘: 48.0%
2025-07-12 17:06:12 - INFO - 系统资源 - CPU: 5.4%, 内存: 48.2%, 磁盘: 48.0%
2025-07-12 17:06:14 - INFO - 系统资源 - CPU: 6.0%, 内存: 48.2%, 磁盘: 48.0%
2025-07-12 17:06:16 - INFO - 系统资源 - CPU: 1.3%, 内存: 48.2%, 磁盘: 48.0%
2025-07-12 17:06:18 - INFO - 系统资源 - CPU: 1.8%, 内存: 48.2%, 磁盘: 48.0%
2025-07-12 17:06:20 - INFO - 系统资源 - CPU: 3.5%, 内存: 48.2%, 磁盘: 48.0%
2025-07-12 17:06:22 - INFO - 系统资源 - CPU: 0.8%, 内存: 48.2%, 磁盘: 48.0%
2025-07-12 17:06:24 - INFO - 系统资源 - CPU: 4.1%, 内存: 48.2%, 磁盘: 48.0%
2025-07-12 17:06:27 - INFO - 系统资源 - CPU: 5.0%, 内存: 48.3%, 磁盘: 48.0%
2025-07-12 17:06:27 - INFO - 系统资源监控已停止
2025-07-12 17:10:11 - INFO - 开始网络速度监控
2025-07-12 17:10:11 - INFO - 网络统计初始化完成
2025-07-12 17:10:12 - INFO - 网络速度 - 上传: 1.98 KB/s, 下载: 1.32 KB/s
2025-07-12 17:10:13 - INFO - 网络速度 - 上传: 2.68 KB/s, 下载: 7.74 KB/s
2025-07-12 17:10:14 - INFO - 网络速度 - 上传: 105 B/s, 下载: 116 B/s
2025-07-12 17:10:15 - INFO - 网络速度 - 上传: 887 B/s, 下载: 59 B/s
2025-07-12 17:10:16 - INFO - 网络速度 - 上传: 53 B/s, 下载: 2.67 KB/s
2025-07-12 17:10:17 - INFO - 网络速度 - 上传: 592 B/s, 下载: 287 B/s
2025-07-12 17:10:18 - INFO - 网络速度 - 上传: 795 B/s, 下载: 188 B/s
2025-07-12 17:10:19 - INFO - 网络速度 - 上传: 112 B/s, 下载: 513 B/s
2025-07-12 17:10:20 - INFO - 网络速度 - 上传: 793 B/s, 下载: 2.25 KB/s
2025-07-12 17:10:21 - INFO - 网络速度 - 上传: 955 B/s, 下载: 2.60 KB/s
2025-07-12 17:10:22 - INFO - 网络速度 - 上传: 619 B/s, 下载: 344 B/s
2025-07-12 17:10:23 - INFO - 网络速度 - 上传: 0 B/s, 下载: 1.87 KB/s
2025-07-12 17:10:24 - INFO - 网络速度 - 上传: 1014 B/s, 下载: 508 B/s
2025-07-12 17:10:25 - INFO - 网络速度 - 上传: 0 B/s, 下载: 0 B/s
2025-07-12 17:10:26 - INFO - 网络速度 - 上传: 53 B/s, 下载: 58 B/s
2025-07-12 17:10:27 - INFO - 网络速度 - 上传: 1.42 KB/s, 下载: 2.52 KB/s
2025-07-12 17:10:28 - INFO - 网络速度 - 上传: 0 B/s, 下载: 0 B/s
2025-07-12 17:10:29 - INFO - 网络速度 - 上传: 52 B/s, 下载: 58 B/s
2025-07-12 17:10:30 - INFO - 网络速度 - 上传: 1.61 KB/s, 下载: 733 B/s
2025-07-12 17:10:32 - INFO - 网络速度 - 上传: 0 B/s, 下载: 247 B/s
2025-07-12 17:10:33 - INFO - 网络速度 - 上传: 567 B/s, 下载: 246 B/s
2025-07-12 17:10:34 - INFO - 网络速度 - 上传: 2.53 KB/s, 下载: 4.92 KB/s
2025-07-12 17:10:35 - INFO - 网络速度 - 上传: 0 B/s, 下载: 0 B/s
2025-07-12 17:10:36 - INFO - 网络速度 - 上传: 0 B/s, 下载: 2.60 KB/s
2025-07-12 17:10:37 - INFO - 网络速度 - 上传: 960 B/s, 下载: 2.64 KB/s
2025-07-12 17:10:38 - INFO - 网络速度 - 上传: 627 B/s, 下载: 309 B/s
2025-07-12 17:10:39 - INFO - 网络速度 - 上传: 84 B/s, 下载: 1.97 KB/s
2025-07-12 17:10:40 - INFO - 网络速度 - 上传: 1.61 KB/s, 下载: 568 B/s
2025-07-12 17:10:41 - INFO - 网络速度 - 上传: 52 B/s, 下载: 335 B/s
2025-07-12 17:10:42 - INFO - 网络速度 - 上传: 572 B/s, 下载: 447 B/s
2025-07-12 17:10:43 - INFO - 网络速度 - 上传: 1.16 KB/s, 下载: 2.60 KB/s
2025-07-12 17:10:44 - INFO - 网络速度 - 上传: 0 B/s, 下载: 58 B/s
2025-07-12 17:10:45 - INFO - 网络速度 - 上传: 803 B/s, 下载: 117 B/s
2025-07-12 17:10:46 - INFO - 网络速度 - 上传: 52 B/s, 下载: 334 B/s
2025-07-12 17:10:47 - INFO - 网络速度 - 上传: 513 B/s, 下载: 423 B/s
2025-07-12 17:10:48 - INFO - 网络速度 - 上传: 1.88 KB/s, 下载: 489 B/s
2025-07-12 17:10:49 - INFO - 网络速度监控已停止
2025-07-12 17:16:43 - INFO - 开始应用程序监控
2025-07-12 17:16:46 - INFO - 当前运行进程数: 203
2025-07-12 17:16:52 - WARNING - 高资源占用进程 - PID: 0, 名称: System Idle Proces, CPU: 1121.3%, 内存: 0.0%
2025-07-12 17:16:52 - WARNING - 高资源占用进程 - PID: 11692, 名称: pycharm64.exe, CPU: 17.3%, 内存: 16.9%
2025-07-12 17:16:52 - INFO - 当前运行进程数: 203
2025-07-12 17:16:59 - WARNING - 高资源占用进程 - PID: 0, 名称: System Idle Proces, CPU: 1139.4%, 内存: 0.0%
2025-07-12 17:16:59 - WARNING - 高资源占用进程 - PID: 11692, 名称: pycharm64.exe, CPU: 45.0%, 内存: 16.9%
2025-07-12 17:16:59 - INFO - 当前运行进程数: 203
2025-07-12 17:17:05 - WARNING - 高资源占用进程 - PID: 0, 名称: System Idle Proces, CPU: 1075.0%, 内存: 0.0%
2025-07-12 17:17:05 - WARNING - 高资源占用进程 - PID: 11692, 名称: pycharm64.exe, CPU: 40.7%, 内存: 16.9%
2025-07-12 17:17:05 - INFO - 当前运行进程数: 201
2025-07-12 17:17:12 - WARNING - 高资源占用进程 - PID: 0, 名称: System Idle Proces, CPU: 1106.7%, 内存: 0.0%
2025-07-12 17:17:12 - WARNING - 高资源占用进程 - PID: 11692, 名称: pycharm64.exe, CPU: 32.6%, 内存: 16.9%
2025-07-12 17:17:12 - INFO - 当前运行进程数: 201
2025-07-12 17:17:19 - WARNING - 高资源占用进程 - PID: 0, 名称: System Idle Proces, CPU: 1119.3%, 内存: 0.0%
2025-07-12 17:17:19 - WARNING - 高资源占用进程 - PID: 11692, 名称: pycharm64.exe, CPU: 38.0%, 内存: 16.9%
2025-07-12 17:17:19 - INFO - 当前运行进程数: 201
2025-07-12 17:17:25 - WARNING - 高资源占用进程 - PID: 0, 名称: System Idle Proces, CPU: 1092.9%, 内存: 0.0%
2025-07-12 17:17:25 - WARNING - 高资源占用进程 - PID: 11692, 名称: pycharm64.exe, CPU: 35.2%, 内存: 16.9%
2025-07-12 17:17:25 - INFO - 当前运行进程数: 201
2025-07-12 17:17:32 - WARNING - 高资源占用进程 - PID: 0, 名称: System Idle Proces, CPU: 1130.6%, 内存: 0.0%
2025-07-12 17:17:32 - WARNING - 高资源占用进程 - PID: 11692, 名称: pycharm64.exe, CPU: 16.6%, 内存: 16.9%
2025-07-12 17:17:32 - INFO - 当前运行进程数: 201
2025-07-12 17:17:38 - WARNING - 高资源占用进程 - PID: 0, 名称: System Idle Proces, CPU: 1116.1%, 内存: 0.0%
2025-07-12 17:17:38 - WARNING - 高资源占用进程 - PID: 11692, 名称: pycharm64.exe, CPU: 45.1%, 内存: 16.9%
2025-07-12 17:17:38 - INFO - 当前运行进程数: 201
2025-07-12 17:17:45 - WARNING - 高资源占用进程 - PID: 0, 名称: System Idle Proces, CPU: 1107.2%, 内存: 0.0%
2025-07-12 17:17:45 - WARNING - 高资源占用进程 - PID: 11692, 名称: pycharm64.exe, CPU: 26.5%, 内存: 16.9%
2025-07-12 17:17:45 - INFO - 当前运行进程数: 207
2025-07-12 17:17:48 - INFO - 应用程序监控已停止
2025-07-12 23:20:12 - INFO - 开始CPU监控
2025-07-12 23:20:14 - INFO - CPU使用率: 16.2%
2025-07-12 23:20:17 - INFO - CPU使用率: 12.5%
2025-07-12 23:20:19 - INFO - CPU使用率: 13.4%
2025-07-12 23:20:21 - INFO - CPU使用率: 4.1%
2025-07-12 23:20:23 - INFO - CPU使用率: 5.4%
2025-07-12 23:20:25 - INFO - CPU使用率: 8.9%
2025-07-12 23:20:27 - INFO - CPU使用率: 11.0%
2025-07-12 23:20:29 - INFO - CPU使用率: 11.0%
2025-07-12 23:20:31 - INFO - CPU使用率: 8.0%
2025-07-12 23:20:34 - INFO - CPU使用率: 5.8%
2025-07-12 23:20:36 - INFO - CPU使用率: 6.7%
2025-07-12 23:20:38 - INFO - CPU使用率: 6.6%
2025-07-12 23:20:40 - INFO - CPU监控已停止
